# Preference setting overrides
gui_create_pref_key -category {Globals} -key {load_detail_for_funcov} -value_type {bool} -value {false}

# State setting overrides
gui_state_default_create -off -ini
gui_set_state_value -category Globals -key recent_databases -value {{gui_open_db -file /mnt/vol_NFS_Zener/WD_ESPEC/rimolina/SPI/dump.vcd -design V1} {gui_open_db -file /mnt/vol_NFS_Zener/WD_ESPEC/rimolina/SPI/dump.vcd.vpd -design V3} {gui_open_db -file /mnt/vol_NFS_Zener/WD_ESPEC/rimolina/SPI/dump.vcd -design V2} {gui_open_db -file /mnt/vol_NFS_Zener/WD_ESPEC/rimolina/VCS_Examples/UVM_Example/dump.vcd -design V1} {gui_open_db -file /mnt/vol_NFS_Zener/WD_ESPEC/rimolina/VCS_Examples/Counter_Example/dump.vcd -design V1}}
gui_set_state_value -category Layout -key child_console_size_x -value 1240
gui_set_state_value -category Layout -key child_console_size_y -value 177
gui_set_state_value -category Layout -key child_data_size_x -value 172
gui_set_state_value -category Layout -key child_data_size_y -value 411
gui_set_state_value -category Layout -key child_hier_col3 -value {-1}
gui_set_state_value -category Layout -key child_hier_colpd -value 0
gui_set_state_value -category Layout -key child_hier_size_x -value 172
gui_set_state_value -category Layout -key child_hier_size_y -value 411
gui_set_state_value -category Layout -key child_hier_sort_order -value 1
gui_set_state_value -category Layout -key child_source_docknewline -value false
gui_set_state_value -category Layout -key child_source_pos_x -value {-2}
gui_set_state_value -category Layout -key child_source_pos_y -value {-15}
gui_set_state_value -category Layout -key child_source_size_x -value 899
gui_set_state_value -category Layout -key child_source_size_y -value 406
gui_set_state_value -category Layout -key child_wave_colname -value 165
gui_set_state_value -category Layout -key child_wave_colvalue -value 165
gui_set_state_value -category Layout -key child_wave_left -value 335
gui_set_state_value -category Layout -key child_wave_right -value 816
gui_set_state_value -category Layout -key main_pos_x -value 146
gui_set_state_value -category Layout -key main_pos_y -value 157
gui_set_state_value -category Layout -key main_size_x -value 1386
gui_set_state_value -category Layout -key main_size_y -value 852
gui_set_state_value -category Layout -key stand_wave_child_docknewline -value false
gui_set_state_value -category Layout -key stand_wave_child_pos_x -value {-2}
gui_set_state_value -category Layout -key stand_wave_child_pos_y -value {-15}
gui_set_state_value -category Layout -key stand_wave_child_size_x -value 1161
gui_set_state_value -category Layout -key stand_wave_child_size_y -value 568
gui_set_state_value -category Layout -key stand_wave_top_pos_x -value 640
gui_set_state_value -category Layout -key stand_wave_top_pos_y -value 232
gui_set_state_value -category Layout -key stand_wave_top_size_x -value 1796
gui_set_state_value -category Layout -key stand_wave_top_size_y -value 912
gui_create_state_key -category FindDialog -key m_pMatchCase -value_type bool -value false
gui_create_state_key -category FindDialog -key m_pMatchWord -value_type bool -value false
gui_create_state_key -category FindDialog -key m_pUseCombo -value_type string -value {}
gui_create_state_key -category FindDialog -key m_pWrapAround -value_type bool -value true
gui_state_default_create -off

# Begin command logging
gui_open_db -file /mnt/vol_NFS_Zener/WD_ESPEC/rimolina/SPI/dump.vcd -design V1
gui_list_select -id Hier.1 -current_item_name tbench_top -current_item_type Scope  -selected  { tbench_top   }
gui_list_expand -id  Hier.1   tbench_top
gui_list_select -id Hier.1 -current_item_name tbench_top.DUT -current_item_type Scope  -selected  { tbench_top.DUT   }
gui_open_window Wave
gui_list_add -id Wave.1 -from Hier.1 { tbench_top.DUT } -insertionbar
gui_wv_scroll_hslidermove -id  Wave.1 663
gui_wv_scroll_hslidermove -id  Wave.1 0
gui_wv_scroll_hslidermove -id  Wave.1 4414
gui_marker_move -id  Wave.1 C1 1532
gui_wv_scroll_hslidermove -id  Wave.1 18704
gui_wv_scroll_hslidermove -id  Wave.1 2501
gui_wv_scroll_hslidermove -id  Wave.1 4210
gui_marker_move -id  Wave.1 C1 1536
gui_marker_select -id  Wave.1 { C1 }
gui_marker_move -id  Wave.1 C1 1528
gui_list_select -id Wave.1 -selected  { tbench_top.DUT.SCS   }
gui_wv_zoom_timerange -id  Wave.1 1403 1688
gui_wv_zoom_timerange -id  Wave.1 1403 1689
gui_wv_scroll_hslidermove -id  Wave.1 4200
gui_marker_move -id  Wave.1 C1 1506
gui_wv_scroll_hslidermove -id  Wave.1 4295
gui_list_select -id Wave.1 -selected  { tbench_top.DUT.CLK   }
gui_list_select -id Wave.1 -selected  { tbench_top.DUT.reset   }
gui_list_select -id Wave.1 -selected  { {tbench_top.DUT.D_pop[64:0]}   }
gui_list_select -id Wave.1 -selected  { tbench_top.DUT.MISO   }
gui_list_select -id Wave.1 -selected  { tbench_top.DUT.pop   }
gui_list_select -id Wave.1 -selected  { {tbench_top.DUT.D_push[64:0]}   }
gui_list_select -id Wave.1 -selected  { tbench_top.DUT.push   }
gui_list_select -id Wave.1 -selected  { {tbench_top.DUT.state[7:0]}   }
gui_list_select -id Wave.1 -selected  { {tbench_top.DUT.data_push[64:0]}   }
gui_list_select -id Wave.1 -selected  { {tbench_top.DUT.address[23:0]}   }
gui_list_select -id Wave.1 -selected  { {tbench_top.DUT.data[31:0]}   }
gui_list_select -id Wave.1 -selected  { {tbench_top.DUT.t_word[31:0]}   }
gui_list_select -id Wave.1 -selected  { tbench_top.DUT.tspi_config_en   }
gui_list_select -id Wave.1 -selected  { tbench_top.DUT.SCS   }
gui_list_select -id Wave.1 -selected  { tbench_top.DUT.MOSI   }
gui_list_select -id Wave.1 -selected  { tbench_top.DUT.SCLK   }
gui_list_select -id Wave.1 -selected  { tbench_top.DUT.SCS   }
gui_list_select -id Wave.1 -selected  { tbench_top.DUT.MOSI   }
gui_list_select -id Wave.1 -selected  { {tbench_top.DUT.D_push[64:0]}   }
gui_list_select -id Wave.1 -selected  { tbench_top.DUT.pop   }
gui_marker_move -id  Wave.1 C1 1518
gui_marker_move -id  Wave.1 C1 1600
gui_marker_move -id  Wave.1 C1 1586
gui_marker_move -id  Wave.1 C1 1486
gui_wv_scroll_hslidermove -id  Wave.1 0
gui_wv_scroll_hslidermove -id  Wave.1 0
gui_wv_scrollleft -id  Wave.1  line
gui_wv_scrollleft -id  Wave.1  line
gui_wv_scrollleft -id  Wave.1  line
gui_wv_scroll_hslidermove -id  Wave.1 4342
gui_marker_move -id  Wave.1 C1 1517
gui_marker_move -id  Wave.1 C1 1500
gui_marker_move -id  Wave.1 C1 1463
gui_list_expand -id  Wave.1   {tbench_top.DUT.state[7:0]}
gui_marker_move -id  Wave.1 C1 1718
gui_marker_move -id  Wave.1 C1 1599
gui_wv_zoom_timerange -id  Wave.1 1549 1553
gui_wv_scrollleft -id  Wave.1  line
gui_wv_scrollleft -id  Wave.1  line
gui_wv_scrollleft -id  Wave.1  line
gui_wv_scrollleft -id  Wave.1  line
gui_wv_scrollleft -id  Wave.1  line
gui_wv_scrollleft -id  Wave.1  line
gui_wv_scrollleft -id  Wave.1  line
gui_wv_scrollleft -id  Wave.1  line
gui_wv_scrollleft -id  Wave.1  line
gui_wv_scrollleft -id  Wave.1  line
gui_wv_scrollleft -id  Wave.1  line
gui_wv_scrollleft -id  Wave.1  line
gui_wv_scrollleft -id  Wave.1  line
gui_wv_scrollleft -id  Wave.1  line
gui_wv_scrollleft -id  Wave.1  line
gui_wv_scrollleft -id  Wave.1  line
gui_wv_scrollleft -id  Wave.1  line
gui_wv_scroll_hslidermove -id  Wave.1 344511
gui_wv_scrollleft -id  Wave.1  line
gui_wv_scrollleft -id  Wave.1  line
gui_wv_scrollleft -id  Wave.1  line
gui_wv_scrollleft -id  Wave.1  line
gui_wv_scrollleft -id  Wave.1  line
gui_wv_scrollleft -id  Wave.1  line
gui_wv_scrollleft -id  Wave.1  line
gui_wv_scrollleft -id  Wave.1  line
gui_wv_scrollleft -id  Wave.1  line
gui_wv_scrollleft -id  Wave.1  line
gui_wv_scrollleft -id  Wave.1  line
gui_wv_scrollleft -id  Wave.1  line
gui_wv_scrollleft -id  Wave.1  line
gui_wv_scrollleft -id  Wave.1  line
gui_wv_scrollleft -id  Wave.1  line
gui_wv_scrollleft -id  Wave.1  line
gui_wv_scrollleft -id  Wave.1  line
gui_wv_scrollleft -id  Wave.1  line
gui_wv_scrollleft -id  Wave.1  line
gui_wv_scrollleft -id  Wave.1  line
gui_wv_scrollleft -id  Wave.1  line
gui_wv_scrollleft -id  Wave.1  line
gui_wv_scrollleft -id  Wave.1  line
gui_wv_scrollleft -id  Wave.1  line
gui_wv_scrollleft -id  Wave.1  line
gui_wv_scrollleft -id  Wave.1  line
gui_wv_scrollleft -id  Wave.1  line
gui_wv_scrollleft -id  Wave.1  line
gui_wv_scrollleft -id  Wave.1  line
gui_wv_scrollleft -id  Wave.1  line
gui_wv_scrollleft -id  Wave.1  line
gui_wv_scrollleft -id  Wave.1  line
gui_wv_scrollleft -id  Wave.1  line
gui_wv_scrollleft -id  Wave.1  line
gui_wv_scrollleft -id  Wave.1  line
gui_wv_scrollleft -id  Wave.1  line
gui_wv_scrollleft -id  Wave.1  line
gui_wv_scrollleft -id  Wave.1  line
gui_wv_scrollleft -id  Wave.1  line
gui_wv_scrollleft -id  Wave.1  line
gui_wv_scrollleft -id  Wave.1  line
gui_wv_scrollleft -id  Wave.1  line
gui_wv_scrollleft -id  Wave.1  line
gui_wv_scrollleft -id  Wave.1  line
gui_wv_scrollleft -id  Wave.1  line
gui_wv_scrollleft -id  Wave.1  line
gui_wv_scrollleft -id  Wave.1  line
gui_wv_scrollleft -id  Wave.1  line
gui_wv_scrollleft -id  Wave.1  line
gui_marker_move -id  Wave.1 C1 1599
gui_wv_scrollright -id  Wave.1  line
gui_zoom -window Wave.1 -factor 0.5
gui_zoom -window Wave.1 -factor 0.5
gui_zoom -window Wave.1 -factor 0.5
gui_zoom -window Wave.1 -factor 0.5
gui_zoom -window Wave.1 -factor 0.5
gui_zoom -window Wave.1 -factor 0.5
gui_marker_move -id  Wave.1 C1 1500
gui_marker_move -id  Wave.1 C1 1684
